#
# There is insufficient memory for the Java Runtime Environment to continue.
# Native memory allocation (mmap) failed to map 264241152 bytes for G1 virtual space
# Possible reasons:
#   The system is out of physical RAM or swap space
#   The process is running with CompressedOops enabled, and the Java Heap may be blocking the growth of the native heap
# Possible solutions:
#   Reduce memory load on the system
#   Increase physical memory or swap space
#   Check if swap backing store is full
#   Decrease Java heap size (-Xmx/-Xms)
#   Decrease number of Java threads
#   Decrease Java thread stack sizes (-Xss)
#   Set larger code cache with -XX:ReservedCodeCacheSize=
#   JVM is running with Zero Based Compressed Oops mode in which the Java heap is
#     placed in the first 32GB address space. The Java Heap base address is the
#     maximum limit for the native heap growth. Please use -XX:HeapBaseMinAddress
#     to set the Java Heap base and to place the Java Heap above 32GB virtual address.
# This output file may be truncated or incomplete.
#
#  Out of Memory Error (os_windows.cpp:3604), pid=18536, tid=22188
#
# JRE version:  (21.0.10+8) (build )
# Java VM: Java HotSpot(TM) 64-Bit Server VM (21.0.10+8-LTS-217, mixed mode, sharing, tiered, compressed oops, compressed class ptrs, g1 gc, windows-amd64)
# No core dump will be written. Minidumps are not enabled by default on client versions of Windows
#

---------------  S U M M A R Y ------------

Command Line: -Dclassworlds.conf=C:\Users\omkar\Downloads\apache-maven-3.9.15-bin\apache-maven-3.9.15\bin\m2.conf -Dmaven.home=C:\Users\omkar\Downloads\apache-maven-3.9.15-bin\apache-maven-3.9.15 -Dlibrary.jansi.path=C:\Users\omkar\Downloads\apache-maven-3.9.15-bin\apache-maven-3.9.15\lib\jansi-native -Dmaven.multiModuleProjectDirectory=C:\Users\omkar\OneDrive\Desktop\projects\coding\snakegame org.codehaus.plexus.classworlds.launcher.Launcher clean package

Host: 12th Gen Intel(R) Core(TM) i7-12700H, 20 cores, 15G,  Windows 11 , 64 bit Build 26100 (10.0.26100.8328)
Time: Mon May 11 20:19:33 2026 India Standard Time elapsed time: 1.017158 seconds (0d 0h 0m 1s)

---------------  T H R E A D  ---------------

Current thread (0x0000026d13c82a10):  JavaThread "Unknown thread" [_thread_in_vm, id=22188, stack(0x0000008855700000,0x0000008855800000) (1024K)]

Stack: [0x0000008855700000,0x0000008855800000]
Native frames: (J=compiled Java code, j=interpreted, Vv=VM code, C=native code)
V  [jvm.dll+0x6d0b59]
V  [jvm.dll+0x85fd56]
V  [jvm.dll+0x86224e]
V  [jvm.dll+0x862923]
V  [jvm.dll+0x282a16]
V  [jvm.dll+0x6cd405]
V  [jvm.dll+0x6c1f8a]
V  [jvm.dll+0x35bcc8]
V  [jvm.dll+0x363986]
V  [jvm.dll+0x3b4a3e]
V  [jvm.dll+0x3b4ce8]
V  [jvm.dll+0x32f98c]
V  [jvm.dll+0x3304db]
V  [jvm.dll+0x829d3e]
V  [jvm.dll+0x3c19d1]
V  [jvm.dll+0x812c0a]
V  [jvm.dll+0x4543d1]
V  [jvm.dll+0x455e21]
C  [jli.dll+0x5310]
C  [ucrtbase.dll+0x37b0]
C  [KERNEL32.DLL+0x2e957]
C  [ntdll.dll+0x427c]


---------------  P R O C E S S  ---------------

Threads class SMR info:
_java_thread_list=0x00007ffc4b838c88, length=0, elements={
}

Java Threads: ( => current thread )
Total: 0

Other Threads:
  0x0000026d1434f4e0 WorkerThread "GC Thread#0"                     [id=10132, stack(0x0000008855800000,0x0000008855900000) (1024K)]
  0x0000026d14360d90 ConcurrentGCThread "G1 Main Marker"            [id=18852, stack(0x0000008855900000,0x0000008855a00000) (1024K)]
  0x0000026d14362750 WorkerThread "G1 Conc#0"                       [id=14008, stack(0x0000008855a00000,0x0000008855b00000) (1024K)]

[error occurred during error reporting (printing all threads), id 0xc0000005, EXCEPTION_ACCESS_VIOLATION (0xc0000005) at pc=0x00007ffc4afa2447]
VM state: not at safepoint (not fully initialized)

VM Mutex/Monitor currently owned by a thread:  ([mutex/lock_event])
[0x00007ffc4b8aa010] Heap_lock - owner thread: 0x0000026d13c82a10

Heap address: 0x0000000705c00000, size: 4004 MB, Compressed Oops mode: Zero based, Oop shift amount: 3

CDS archive(s) mapped at: [0x0000000000000000-0x0000000000000000-0x0000000000000000), size 0, SharedBaseAddress: 0x0000000800000000, ArchiveRelocationMode: 1.
Narrow klass base: 0x0000000000000000, Narrow klass shift: 0, Narrow klass range: 0x0

GC Precious Log:
 CardTable entry size: 512
 Card Set container configuration: InlinePtr #cards 4 size 8 Array Of Cards #cards 16 size 48 Howl #buckets 8 coarsen threshold 3686 Howl Bitmap #cards 512 size 80 coarsen threshold 460 Card regions per heap region 1 cards per card region 4096

Heap:
 garbage-first heap   total 0K, used 0K [0x0000000705c00000, 0x0000000800000000)
  region size 2048K, 0 young (0K), 0 survivors (0K)

[error occurred during error reporting (printing heap information), id 0xc0000005, EXCEPTION_ACCESS_VIOLATION (0xc0000005) at pc=0x00007ffc4b38ac39]
GC Heap History (0 events):
No events

Dll operation events (1 events):
Event: 0.005 Loaded shared library C:\Program Files\Java\jdk-21.0.10\bin\java.dll

Deoptimization events (0 events):
No events

Classes loaded (0 events):
No events

Classes unloaded (0 events):
No events

Classes redefined (0 events):
No events

Internal exceptions (0 events):
No events

ZGC Phase Switch (0 events):
No events

VM Operations (0 events):
No events

Events (0 events):
No events


Dynamic libraries:
0x00007ff737630000 - 0x00007ff737640000 	C:\Program Files\Java\jdk-21.0.10\bin\java.exe
0x00007ffc734e0000 - 0x00007ffc73747000 	C:\WINDOWS\SYSTEM32\ntdll.dll
0x00007ffc722d0000 - 0x00007ffc72399000 	C:\WINDOWS\System32\KERNEL32.DLL
0x00007ffc70e60000 - 0x00007ffc71257000 	C:\WINDOWS\System32\KERNELBASE.dll
0x00007ffc70940000 - 0x00007ffc70a8b000 	C:\WINDOWS\System32\ucrtbase.dll
0x00007ffc4c110000 - 0x00007ffc4c129000 	C:\Program Files\Java\jdk-21.0.10\bin\jli.dll
0x00007ffc4c130000 - 0x00007ffc4c14e000 	C:\Program Files\Java\jdk-21.0.10\bin\VCRUNTIME140.dll
0x00007ffc72ac0000 - 0x00007ffc72b76000 	C:\WINDOWS\System32\ADVAPI32.dll
0x00007ffc715e0000 - 0x00007ffc71689000 	C:\WINDOWS\System32\msvcrt.dll
0x00007ffc71530000 - 0x00007ffc715d7000 	C:\WINDOWS\System32\sechost.dll
0x00007ffc71260000 - 0x00007ffc71378000 	C:\WINDOWS\System32\RPCRT4.dll
0x00007ffc723b0000 - 0x00007ffc72576000 	C:\WINDOWS\System32\USER32.dll
0x00007ffc70e30000 - 0x00007ffc70e57000 	C:\WINDOWS\System32\win32u.dll
0x00007ffc56040000 - 0x00007ffc562d2000 	C:\WINDOWS\WinSxS\amd64_microsoft.windows.common-controls_6595b64144ccf1df_6.0.26100.8328_none_3e08182ce334b678\COMCTL32.dll
0x00007ffc72580000 - 0x00007ffc725ab000 	C:\WINDOWS\System32\GDI32.dll
0x00007ffc70810000 - 0x00007ffc7093c000 	C:\WINDOWS\System32\gdi32full.dll
0x00007ffc70b50000 - 0x00007ffc70bf3000 	C:\WINDOWS\System32\msvcp_win.dll
0x00007ffc5fc40000 - 0x00007ffc5fc4b000 	C:\WINDOWS\SYSTEM32\VERSION.dll
0x00007ffc71d50000 - 0x00007ffc71d82000 	C:\WINDOWS\System32\IMM32.DLL
0x00007ffc4c850000 - 0x00007ffc4c85c000 	C:\Program Files\Java\jdk-21.0.10\bin\vcruntime140_1.dll
0x00007ffc4b990000 - 0x00007ffc4ba1d000 	C:\Program Files\Java\jdk-21.0.10\bin\msvcp140.dll
0x00007ffc4ac60000 - 0x00007ffc4b987000 	C:\Program Files\Java\jdk-21.0.10\bin\server\jvm.dll
0x00007ffc725c0000 - 0x00007ffc72640000 	C:\WINDOWS\System32\WS2_32.dll
0x00007ffc6fd70000 - 0x00007ffc6fdce000 	C:\WINDOWS\SYSTEM32\POWRPROF.dll
0x00007ffc674b0000 - 0x00007ffc674e6000 	C:\WINDOWS\SYSTEM32\WINMM.dll
0x00007ffc6fd50000 - 0x00007ffc6fd64000 	C:\WINDOWS\SYSTEM32\UMPDC.dll
0x00007ffc6eca0000 - 0x00007ffc6ecbb000 	C:\WINDOWS\SYSTEM32\kernel.appcore.dll
0x00007ffc4c100000 - 0x00007ffc4c10a000 	C:\Program Files\Java\jdk-21.0.10\bin\jimage.dll
0x00007ffc6dd10000 - 0x00007ffc6df52000 	C:\WINDOWS\SYSTEM32\DBGHELP.DLL
0x00007ffc726d0000 - 0x00007ffc72a53000 	C:\WINDOWS\System32\combase.dll
0x00007ffc721f0000 - 0x00007ffc722c9000 	C:\WINDOWS\System32\OLEAUT32.dll
0x00007ffc4bfe0000 - 0x00007ffc4c01b000 	C:\WINDOWS\SYSTEM32\dbgcore.DLL
0x00007ffc70c00000 - 0x00007ffc70ca8000 	C:\WINDOWS\System32\bcryptPrimitives.dll
0x00007ffc4c0b0000 - 0x00007ffc4c0d1000 	C:\Program Files\Java\jdk-21.0.10\bin\java.dll

dbghelp: loaded successfully - version: 4.0.5 - missing functions: none
symbol engine: initialized successfully - sym options: 0x614 - pdb path: .;C:\Program Files\Java\jdk-21.0.10\bin;C:\WINDOWS\SYSTEM32;C:\WINDOWS\WinSxS\amd64_microsoft.windows.common-controls_6595b64144ccf1df_6.0.26100.8328_none_3e08182ce334b678;C:\Program Files\Java\jdk-21.0.10\bin\server

VM Arguments:
jvm_args: -Dclassworlds.conf=C:\Users\omkar\Downloads\apache-maven-3.9.15-bin\apache-maven-3.9.15\bin\m2.conf -Dmaven.home=C:\Users\omkar\Downloads\apache-maven-3.9.15-bin\apache-maven-3.9.15 -Dlibrary.jansi.path=C:\Users\omkar\Downloads\apache-maven-3.9.15-bin\apache-maven-3.9.15\lib\jansi-native -Dmaven.multiModuleProjectDirectory=C:\Users\omkar\OneDrive\Desktop\projects\coding\snakegame 
java_command: org.codehaus.plexus.classworlds.launcher.Launcher clean package
java_class_path (initial): C:\Users\omkar\Downloads\apache-maven-3.9.15-bin\apache-maven-3.9.15\boot\plexus-classworlds-2.9.0.jar
Launcher Type: SUN_STANDARD

[Global flags]
     intx CICompilerCount                          = 12                                        {product} {ergonomic}
     uint ConcGCThreads                            = 4                                         {product} {ergonomic}
     uint G1ConcRefinementThreads                  = 15                                        {product} {ergonomic}
   size_t G1HeapRegionSize                         = 2097152                                   {product} {ergonomic}
    uintx GCDrainStackTargetSize                   = 64                                        {product} {ergonomic}
   size_t InitialHeapSize                          = 264241152                                 {product} {ergonomic}
   size_t MarkStackSize                            = 4194304                                   {product} {ergonomic}
   size_t MaxHeapSize                              = 4198498304                                {product} {ergonomic}
   size_t MinHeapDeltaBytes                        = 2097152                                   {product} {ergonomic}
   size_t MinHeapSize                              = 8388608                                   {product} {ergonomic}
    uintx NonNMethodCodeHeapSize                   = 7602480                                {pd product} {ergonomic}
    uintx NonProfiledCodeHeapSize                  = 122027880                              {pd product} {ergonomic}
    uintx ProfiledCodeHeapSize                     = 122027880                              {pd product} {ergonomic}
    uintx ReservedCodeCacheSize                    = 251658240                              {pd product} {ergonomic}
     bool SegmentedCodeCache                       = true                                      {product} {ergonomic}
   size_t SoftMaxHeapSize                          = 4198498304                             {manageable} {ergonomic}
     bool UseCompressedOops                        = true                           {product lp64_product} {ergonomic}
     bool UseG1GC                                  = true                                      {product} {ergonomic}
     bool UseLargePagesIndividualAllocation        = false                                  {pd product} {ergonomic}

Logging:
Log output configuration:
 #0: stdout all=warning uptime,level,tags foldmultilines=false
 #1: stderr all=off uptime,level,tags foldmultilines=false

Environment Variables:
PATH=C:\Program Files\Common Files\Oracle\Java\javapath;C:\Program Files\Python314\Scripts\;C:\Program Files\Python314\;c:\Users\omkar\AppData\Local\Programs\cursor\resources\app\bin;C:\Windows\system32;C:\Windows\System32\Wbem;C:\Windows\System32\WindowsPowerShell\v1.0\;C:\Windows\System32\OpenSSH\;C:\Program Files (x86)\NVIDIA Corporation\PhysX\Common;C:\Program Files\NVIDIA Corporation\NVIDIA NvDLISR;C:\WINDOWS\system32;C:\WINDOWS\System32\Wbem;C:\WINDOWS\System32\WindowsPowerShell\v1.0\;C:\WINDOWS\System32\OpenSSH\;C:\BC5\BIN;C:\Users\omkar\AppData\Local\Microsoft\WindowsApps;C:\ProgramData\chocolatey\bin;C:\Program Files\Git\cmd;C:\MinGW\bin;C:\WINDOWS\system32;C:\WINDOWS;C:\WINDOWS\System32\Wbem;C:\WINDOWS\System32\WindowsPowerShell\v1.0\;C:\WINDOWS\System32\OpenSSH\;C:\WINDOWS;C:\Program Files\nodejs\;C:\Program Files\dotnet\;C:\Program Files\Go\bin;C:\Program Files\Python314;C:\Program Files\Python314\Scripts;C:\Program Files\MySQL\MySQL Server 8.0\bin;C:\Program Files\Java\jdk-21.0.10\bin;C:\Program Files\apache-maven-3.9.12-bin\apache-maven-3.9.12\bin;C:\Program Files\Docker\Docker\resources\bin;C:\Terraform;C:\Program Files\Amazon\AWSCLIV2\;C:\Users\omkar\Downloads\apache-maven-3.9.15-bin\apache-maven-3.9.15\bin;C:\Program Files\MySQL\MySQL Shell 8.0\bin\;C:\Program Files\Python314;C:\Program Files\Python314\Scripts;C:\Users\omkar\AppData\Local\Microsoft\WindowsApps;C:\MinGW\bin;C:\Users\omkar\AppData\Local\Programs\Microsoft VS Code\bin;C:\Users\omkar\AppData\Roaming\npm;C:\Terraform;
USERNAME=omkar
OS=Windows_NT
PROCESSOR_IDENTIFIER=Intel64 Family 6 Model 154 Stepping 3, GenuineIntel
TMP=C:\Users\omkar\AppData\Local\Temp
TEMP=C:\Users\omkar\AppData\Local\Temp




Periodic native trim disabled

---------------  S Y S T E M  ---------------

OS:
 Windows 11 , 64 bit Build 26100 (10.0.26100.8328)
OS uptime: 0 days 0:21 hours
Hyper-V role detected

CPU: total 20 (initial active 20) (10 cores per cpu, 2 threads per core) family 6 model 154 stepping 3 microcode 0x421, cx8, cmov, fxsr, ht, mmx, 3dnowpref, sse, sse2, sse3, ssse3, sse4.1, sse4.2, popcnt, lzcnt, tsc, tscinvbit, avx, avx2, aes, erms, clmul, bmi1, bmi2, adx, sha, fma, vzeroupper, clflush, clflushopt, clwb, hv, serialize, rdtscp, rdpid, fsrm, f16c, cet_ibt, cet_ss
Processor Information for all 20 processors :
  Max Mhz: 2300, Current Mhz: 2300, Mhz Limit: 2300

Memory: 4k page, system-wide physical 16011M (1014M free)
TotalPageFile size 16011M (AvailPageFile size 229M)
current process WorkingSet (physical memory assigned to process): 13M, peak: 13M
current process commit charge ("private bytes"): 75M, peak: 327M

vm_info: Java HotSpot(TM) 64-Bit Server VM (21.0.10+8-LTS-217) for windows-amd64 JRE (21.0.10+8-LTS-217), built on 2025-12-18T14:59:28Z by "mach5run" with MS VC++ 17.13 (VS2022)

END.
